<?xml version="1.0" encoding="UTF-8"?>
<testng-results ignored="0" total="2" passed="2" failed="0" skipped="0">
  <reporter-output>
  </reporter-output>
  <suite started-at="2022-02-25T05:33:33Z" name="Default suite" finished-at="2022-02-25T05:33:52Z" duration-ms="19349">
    <groups>
      <group name="cucumber">
        <method signature="AbstractTestNGCucumberTests.runScenario(io.cucumber.testng.PickleWrapper, io.cucumber.testng.FeatureWrapper)[pri:0, instance:com.careerhack.runners.TestRunner@957e06]" name="runScenario" class="io.cucumber.testng.AbstractTestNGCucumberTests"/>
      </group> <!-- cucumber -->
    </groups>
    <test started-at="2022-02-25T05:33:33Z" name="Default test" finished-at="2022-02-25T05:33:52Z" duration-ms="19349">
      <class name="com.careerhack.runners.TestRunner">
        <test-method is-config="true" signature="setUpClass()[pri:0, instance:com.careerhack.runners.TestRunner@957e06]" started-at="2022-02-25T05:33:33Z" name="setUpClass" finished-at="2022-02-25T05:33:34Z" duration-ms="904" status="PASS">
          <reporter-output>
          </reporter-output>
        </test-method> <!-- setUpClass -->
        <test-method signature="runScenario(io.cucumber.testng.PickleWrapper, io.cucumber.testng.FeatureWrapper)[pri:0, instance:com.careerhack.runners.TestRunner@957e06]" started-at="2022-02-25T05:33:34Z" name="runScenario" description="Runs Cucumber Scenarios" data-provider="scenarios" finished-at="2022-02-25T05:33:44Z" duration-ms="10656" status="PASS">
          <params>
            <param index="0">
              <value>
                <![CDATA["Perform a simple search"]]>
              </value>
            </param>
            <param index="1">
              <value>
                <![CDATA["Optional[Google search]"]]>
              </value>
            </param>
          </params>
          <reporter-output>
          </reporter-output>
        </test-method> <!-- runScenario -->
        <test-method signature="runScenario(io.cucumber.testng.PickleWrapper, io.cucumber.testng.FeatureWrapper)[pri:0, instance:com.careerhack.runners.TestRunner@957e06]" started-at="2022-02-25T05:33:44Z" name="runScenario" description="Runs Cucumber Scenarios" data-provider="scenarios" finished-at="2022-02-25T05:33:52Z" duration-ms="7718" status="PASS">
          <params>
            <param index="0">
              <value>
                <![CDATA["Perform a simple search"]]>
              </value>
            </param>
            <param index="1">
              <value>
                <![CDATA["Optional[Google search]"]]>
              </value>
            </param>
          </params>
          <reporter-output>
          </reporter-output>
        </test-method> <!-- runScenario -->
        <test-method is-config="true" signature="tearDownClass()[pri:0, instance:com.careerhack.runners.TestRunner@957e06]" started-at="2022-02-25T05:33:52Z" name="tearDownClass" finished-at="2022-02-25T05:33:52Z" duration-ms="23" status="PASS">
          <reporter-output>
          </reporter-output>
        </test-method> <!-- tearDownClass -->
      </class> <!-- com.careerhack.runners.TestRunner -->
    </test> <!-- Default test -->
  </suite> <!-- Default suite -->
</testng-results>
